Arguments: 
  C:\Program Files\nodejs\node.exe C:\Users\mapro\AppData\Local\node\corepack\yarn\1.22.19\bin\yarn.js add -D typescript

PATH: 
  C:\Program Files\PowerShell\7;C:\Program Files\ImageMagick-7.1.1-Q16-HDRI;C:\Program Files\Common Files\Oracle\Java\javapath;C:\Program Files\Oculus\Support\oculus-runtime;C:\Windows\system32;C:\Windows;C:\Windows\System32\Wbem;C:\Windows\System32\WindowsPowerShell\v1.0\;C:\Windows\System32\OpenSSH\;C:\WINDOWS\system32;C:\WINDOWS;C:\WINDOWS\System32\Wbem;C:\WINDOWS\System32\WindowsPowerShell\v1.0\;C:\WINDOWS\System32\OpenSSH\;C:\Program Files\dotnet\;C:\Program Files\Git\cmd;C:\Program Files\Calibre2\;C:\Program Files\PuTTY\;C:\ProgramData\chocolatey\bin;C:\Program Files\CMake\bin;C:\Program Files\LLVM\bin;C:\Program Files\Go\bin;C:\Program Files\PowerShell\7\;C:\Program Files\Docker\Docker\resources\bin;%NVM_HOME%;%NVM_SYMLINK%;C:\Users\mapro\.cargo\bin;C:\Users\mapro\AppData\Local\Microsoft\WindowsApps;C:\Users\mapro\AppData\Local\Programs\Microsoft VS Code\bin;C:\Users\mapro\AppData\Local\GitHubDesktop\bin;C:\Users\mapro\AppData\Local\Android\Sdk\platform-tools;C:\Users\mapro\AppData\Local\Android\Sdk\tools;C:\Program Files\Epic Games\UE_5.1\Engine\Build\BatchFiles;C:\Users\mapro\development\flutter\bin;C:\Users\mapro\AppData\Local\Pub\Cache\bin;C:\Users\mapro\AppData\Local\Microsoft\WinGet\Links;C:\Users\mapro\.dotnet\tools;C:\Users\mapro\development\apache-maven-3.9.2\bin;C:\Users\mapro\development\opencv\build\\x64\vc16\bin;C:\Users\mapro\go\bin;C:\ProgramData\nvm;C:\Program Files\nodejs

Yarn version: 
  1.22.19

Node version: 
  20.8.0

Platform: 
  win32 x64

Trace: 
  Error: https://registry.yarnpkg.com/todos-env: Not found
      at params.callback [as _callback] (C:\Users\mapro\AppData\Local\node\corepack\yarn\1.22.19\lib\cli.js:66145:18)
      at self.callback (C:\Users\mapro\AppData\Local\node\corepack\yarn\1.22.19\lib\cli.js:140890:22)
      at Request.emit (node:events:514:28)
      at Request.<anonymous> (C:\Users\mapro\AppData\Local\node\corepack\yarn\1.22.19\lib\cli.js:141862:10)
      at Request.emit (node:events:514:28)
      at IncomingMessage.<anonymous> (C:\Users\mapro\AppData\Local\node\corepack\yarn\1.22.19\lib\cli.js:141784:12)
      at Object.onceWrapper (node:events:628:28)
      at IncomingMessage.emit (node:events:526:35)
      at endReadableNT (node:internal/streams/readable:1408:12)
      at process.processTicksAndRejections (node:internal/process/task_queues:82:21)

npm manifest: 
  {
    "name": "todos-env-node",
    "version": "1.0.0",
    "main": "index.js",
    "license": "MIT",
    "dependencies": {
      "todos-env": "1.0.0",
      "dotenv": "^16.3.1",
      "dotenv-expand": "^10.0.0"
    }
  }

yarn manifest: 
  No manifest

Lockfile: 
  # THIS IS AN AUTOGENERATED FILE. DO NOT EDIT THIS FILE DIRECTLY.
  # yarn lockfile v1
  
  
  dotenv-expand@^10.0.0:
    version "10.0.0"
    resolved "https://registry.yarnpkg.com/dotenv-expand/-/dotenv-expand-10.0.0.tgz#12605d00fb0af6d0a592e6558585784032e4ef37"
    integrity sha512-GopVGCpVS1UKH75VKHGuQFqS1Gusej0z4FyQkPdwjil2gNIv+LNsqBlboOzpJFZKVT95GkCyWJbBSdFEFUWI2A==
  
  dotenv@^16.3.1:
    version "16.3.1"
    resolved "https://registry.yarnpkg.com/dotenv/-/dotenv-16.3.1.tgz#369034de7d7e5b120972693352a3bf112172cc3e"
    integrity sha512-IPzF4w4/Rd94bA9imS68tZBaYyBWSCE47V1RGuMrB94iyTOIEwRmVL2x/4An+6mETpLrKJ5hQkB8W4kFAadeIQ==
